<?xml version="1.0" encoding="UTF-8"?>
<!-- Generated by org.testng.reporters.JUnitXMLReporter -->
<testsuite hostname="DESKTOP-E69K95O" name="test" tests="4" failures="1" timestamp="17 Jun 2021 01:16:47 GMT" time="25.808" errors="0">
  <testcase name="indexPage" time="5.988" classname="testscripts.homePage"/>
  <testcase name="signInPage" time="0.202" classname="testscripts.homePage"/>
  <testcase name="registrationPage" time="11.863" classname="testscripts.homePage"/>
  <testcase name="myAccountPage" time="0.035" classname="testscripts.homePage">
    <failure type="java.lang.AssertionError" message="expected [John Williams] but found [John William]">
      <![CDATA[java.lang.AssertionError: expected [John Williams] but found [John William]
	at testscripts.homePage.myAccountPage(homePage.java:101)
... Removed 29 stack frames]]>
    </failure>
  </testcase> <!-- myAccountPage -->
</testsuite> <!-- test -->
