<?xml version="1.0" encoding="UTF-8"?>
<testng-results skipped="0" failed="0" total="4" passed="4">
  <reporter-output>
  </reporter-output>
  <suite name="Default suite" duration-ms="30" started-at="2021-06-17T01:31:33Z" finished-at="2021-06-17T01:31:33Z">
    <groups>
    </groups>
    <test name="Default test" duration-ms="30" started-at="2021-06-17T01:31:33Z" finished-at="2021-06-17T01:31:33Z">
      <class name="testscripts.SerializationOfTestNG">
        <test-method status="PASS" signature="beforeTest()[pri:0, instance:testscripts.SerializationOfTestNG@79ca92b9]" name="beforeTest" is-config="true" duration-ms="8" started-at="2021-06-16T21:31:33Z" finished-at="2021-06-16T21:31:33Z">
          <reporter-output>
          </reporter-output>
        </test-method> <!-- beforeTest -->
        <test-method status="PASS" signature="testB()[pri:0, instance:testscripts.SerializationOfTestNG@79ca92b9]" name="testB" duration-ms="5" started-at="2021-06-16T21:31:33Z" finished-at="2021-06-16T21:31:33Z">
          <reporter-output>
          </reporter-output>
        </test-method> <!-- testB -->
        <test-method status="PASS" signature="testD()[pri:0, instance:testscripts.SerializationOfTestNG@79ca92b9]" name="testD" duration-ms="1" started-at="2021-06-16T21:31:33Z" finished-at="2021-06-16T21:31:33Z">
          <reporter-output>
          </reporter-output>
        </test-method> <!-- testD -->
        <test-method status="PASS" signature="testC()[pri:0, instance:testscripts.SerializationOfTestNG@79ca92b9]" name="testC" duration-ms="1" started-at="2021-06-16T21:31:33Z" finished-at="2021-06-16T21:31:33Z">
          <reporter-output>
          </reporter-output>
        </test-method> <!-- testC -->
        <test-method status="PASS" signature="testA()[pri:0, instance:testscripts.SerializationOfTestNG@79ca92b9]" name="testA" duration-ms="1" started-at="2021-06-16T21:31:33Z" depends-on-methods="testscripts.SerializationOfTestNG.testB" finished-at="2021-06-16T21:31:33Z">
          <reporter-output>
          </reporter-output>
        </test-method> <!-- testA -->
        <test-method status="PASS" signature="afterTest()[pri:0, instance:testscripts.SerializationOfTestNG@79ca92b9]" name="afterTest" is-config="true" duration-ms="0" started-at="2021-06-16T21:31:33Z" finished-at="2021-06-16T21:31:33Z">
          <reporter-output>
          </reporter-output>
        </test-method> <!-- afterTest -->
      </class> <!-- testscripts.SerializationOfTestNG -->
    </test> <!-- Default test -->
  </suite> <!-- Default suite -->
</testng-results>
