<?xml version="1.0" encoding="UTF-8"?>
<!-- Generated by org.testng.reporters.JUnitXMLReporter -->
<testsuite hostname="DESKTOP-E69K95O" name="Test" tests="5" failures="0" timestamp="15 Jun 2021 01:14:20 GMT" time="20.522" errors="0">
  <testcase name="@AfterTest closingBrowser" time="0.0" classname="testscripts.homePage">
    <failure type="java.lang.NullPointerException">
      <![CDATA[java.lang.NullPointerException
	at testscripts.homePage.closingBrowser(homePage.java:107)
... Removed 22 stack frames]]>
    </failure>
  </testcase> <!-- @AfterTest closingBrowser -->
  <testcase name="test" time="11.242" classname="testscripts.Testing"/>
  <testcase name="indexPage" time="1.499" classname="testscripts.homePage"/>
  <testcase name="signInPage" time="0.205" classname="testscripts.homePage"/>
  <testcase name="registrationPage" time="3.931" classname="testscripts.homePage"/>
  <testcase name="myAccountPage" time="0.03" classname="testscripts.homePage"/>
</testsuite> <!-- Test -->
