<?xml version="1.0" encoding="UTF-8"?>
<!-- Generated by org.testng.reporters.JUnitXMLReporter -->
<testsuite hostname="DESKTOP-E69K95O" name="Home page test" tests="8" failures="0" timestamp="17 Jun 2021 00:23:11 GMT" time="55.892" errors="0">
  <testcase name="indexPage" time="4.131" classname="testscripts.homePage"/>
  <testcase name="signInPage" time="0.234" classname="testscripts.homePage"/>
  <testcase name="registrationPage" time="11.874" classname="testscripts.homePage"/>
  <testcase name="myAccountPage" time="0.05" classname="testscripts.homePage"/>
  <testcase name="landingPage" time="6.578" classname="testscripts.Testing"/>
  <testcase name="accountPage" time="0.182" classname="testscripts.Testing"/>
  <testcase name="registrationPage" time="13.95" classname="testscripts.Testing"/>
  <testcase name="userHomePage" time="0.057" classname="testscripts.Testing"/>
</testsuite> <!-- Home page test -->
