<?xml version="1.0" encoding="UTF-8"?>
<testng-results skipped="0" failed="0" total="5" passed="5">
  <reporter-output>
  </reporter-output>
  <suite name="Suite" duration-ms="20522" started-at="2021-06-15T01:13:59Z" finished-at="2021-06-15T01:14:19Z">
    <groups>
      <group name="smoke">
        <method signature="homePage.registrationPage()[pri:0, instance:testscripts.homePage@501edcf1]" name="registrationPage" class="testscripts.homePage"/>
      </group> <!-- smoke -->
      <group name="sanity">
        <method signature="homePage.registrationPage()[pri:0, instance:testscripts.homePage@501edcf1]" name="registrationPage" class="testscripts.homePage"/>
      </group> <!-- sanity -->
    </groups>
    <test name="Test" duration-ms="20522" started-at="2021-06-15T01:13:59Z" finished-at="2021-06-15T01:14:19Z">
      <class name="testscripts.homePage">
        <test-method status="PASS" signature="driverInitialization()[pri:0, instance:testscripts.homePage@501edcf1]" name="driverInitialization" is-config="true" duration-ms="3589" started-at="2021-06-14T21:13:59Z" finished-at="2021-06-14T21:14:03Z">
          <reporter-output>
          </reporter-output>
        </test-method> <!-- driverInitialization -->
        <test-method status="PASS" signature="indexPage()[pri:0, instance:testscripts.homePage@501edcf1]" name="indexPage" duration-ms="1499" started-at="2021-06-14T21:14:14Z" finished-at="2021-06-14T21:14:15Z">
          <reporter-output>
          </reporter-output>
        </test-method> <!-- indexPage -->
        <test-method status="PASS" signature="signInPage()[pri:0, instance:testscripts.homePage@501edcf1]" name="signInPage" duration-ms="205" started-at="2021-06-14T21:14:15Z" finished-at="2021-06-14T21:14:16Z">
          <reporter-output>
          </reporter-output>
        </test-method> <!-- signInPage -->
        <test-method status="PASS" signature="registrationPage()[pri:0, instance:testscripts.homePage@501edcf1]" name="registrationPage" duration-ms="3931" started-at="2021-06-14T21:14:16Z" finished-at="2021-06-14T21:14:19Z">
          <reporter-output>
          </reporter-output>
        </test-method> <!-- registrationPage -->
        <test-method status="PASS" signature="myAccountPage()[pri:0, instance:testscripts.homePage@501edcf1]" name="myAccountPage" duration-ms="30" started-at="2021-06-14T21:14:19Z" finished-at="2021-06-14T21:14:19Z">
          <reporter-output>
          </reporter-output>
        </test-method> <!-- myAccountPage -->
        <test-method status="FAIL" signature="closingBrowser()[pri:0, instance:testscripts.homePage@501edcf1]" name="closingBrowser" is-config="true" duration-ms="0" started-at="2021-06-14T21:14:19Z" finished-at="2021-06-14T21:14:19Z">
          <exception class="java.lang.NullPointerException">
            <full-stacktrace>
              <![CDATA[java.lang.NullPointerException
	at testscripts.homePage.closingBrowser(homePage.java:107)
	at sun.reflect.NativeMethodAccessorImpl.invoke0(Native Method)
	at sun.reflect.NativeMethodAccessorImpl.invoke(Unknown Source)
	at sun.reflect.DelegatingMethodAccessorImpl.invoke(Unknown Source)
	at java.lang.reflect.Method.invoke(Unknown Source)
	at org.testng.internal.MethodInvocationHelper.invokeMethod(MethodInvocationHelper.java:80)
	at org.testng.internal.Invoker.invokeConfigurationMethod(Invoker.java:564)
	at org.testng.internal.Invoker.invokeConfigurations(Invoker.java:213)
	at org.testng.internal.Invoker.invokeConfigurations(Invoker.java:138)
	at org.testng.TestRunner.afterRun(TestRunner.java:1021)
	at org.testng.TestRunner.run(TestRunner.java:621)
	at org.testng.SuiteRunner.runTest(SuiteRunner.java:334)
	at org.testng.SuiteRunner.runSequentially(SuiteRunner.java:329)
	at org.testng.SuiteRunner.privateRun(SuiteRunner.java:291)
	at org.testng.SuiteRunner.run(SuiteRunner.java:240)
	at org.testng.SuiteRunnerWorker.runSuite(SuiteRunnerWorker.java:51)
	at org.testng.SuiteRunnerWorker.run(SuiteRunnerWorker.java:85)
	at org.testng.TestNG.runSuitesSequentially(TestNG.java:1197)
	at org.testng.TestNG.runSuitesLocally(TestNG.java:1122)
	at org.testng.TestNG.run(TestNG.java:1030)
	at org.testng.remote.AbstractRemoteTestNG.run(AbstractRemoteTestNG.java:115)
	at org.testng.remote.RemoteTestNG.initAndRun(RemoteTestNG.java:251)
	at org.testng.remote.RemoteTestNG.main(RemoteTestNG.java:77)
]]>
            </full-stacktrace>
          </exception> <!-- java.lang.NullPointerException -->
          <reporter-output>
          </reporter-output>
        </test-method> <!-- closingBrowser -->
      </class> <!-- testscripts.homePage -->
      <class name="testscripts.Testing">
        <test-method status="PASS" signature="test()[pri:0, instance:testscripts.Testing@8909f18]" name="test" duration-ms="11242" started-at="2021-06-14T21:14:03Z" finished-at="2021-06-14T21:14:14Z">
          <reporter-output>
          </reporter-output>
        </test-method> <!-- test -->
      </class> <!-- testscripts.Testing -->
    </test> <!-- Test -->
  </suite> <!-- Suite -->
</testng-results>
