<?xml version="1.0" encoding="UTF-8"?>
<!-- Generated by org.testng.reporters.JUnitXMLReporter -->
<testsuite hostname="DESKTOP-E69K95O" name="Default test" tests="4" failures="0" timestamp="17 Jun 2021 01:31:33 GMT" time="0.03" errors="0">
  <testcase name="testB" time="0.005" classname="testscripts.SerializationOfTestNG"/>
  <testcase name="testD" time="0.001" classname="testscripts.SerializationOfTestNG"/>
  <testcase name="testC" time="0.001" classname="testscripts.SerializationOfTestNG"/>
  <testcase name="testA" time="0.001" classname="testscripts.SerializationOfTestNG"/>
</testsuite> <!-- Default test -->
